<component name="libraryTable">
  <library name="junit-4.8.1">
    <CLASSES>
      <root url="jar://F:/小学期/junit-4.8.1.jar!/" />
    </CLASSES>
    <JAVADOC />
    <SOURCES />
  </library>
</component>